<?xml version="1.0"?>
<testsuites failures="0" errors="0" tests="1">
  <testsuite name="Root Suite" timestamp="2021-10-09T04:58:52" tests="0" file="cypress/integration/home.spec.js" time="0.0000" failures="0"/>
  <testsuite name="TheMenu app" timestamp="2021-10-09T04:58:52" tests="1" time="3.7360" failures="0">
    <testcase name="TheMenu app displays text on home page" time="3.7250" classname="displays text on home page"/>
  </testsuite>
</testsuites>